<?xml version="1.0" encoding="utf-8"?><testsuites name="pytest tests"><testsuite name="pytest" errors="0" failures="1" skipped="0" tests="8" time="2.604" timestamp="2026-08-18T14:26:45.027814+00:00" hostname="agent-env-53b6d7c8-f2cf-47ac-970a-d8ac1a7772ca"><testcase classname="tests.test_gallery.TestCreateWithGallery" name="test_create_product_with_multiple_images" time="0.799"><failure message="AssertionError: expected hover_image = images[1] (https://example.com/b.jpg) but got https://example.com/c.jpg&#10;assert 'https://example.com/c.jpg' == 'https://example.com/b.jpg'&#10;  &#10;  - https://example.com/b.jpg&#10;  ?                     ^&#10;  + https://example.com/c.jpg&#10;  ?                     ^">backend/tests/test_gallery.py:55: in test_create_product_with_multiple_images
    assert d.get("hover_image") == IMG_B, f"expected hover_image = images[1] ({IMG_B}) but got {d.get('hover_image')}"
E   AssertionError: expected hover_image = images[1] (https://example.com/b.jpg) but got https://example.com/c.jpg
E   assert 'https://example.com/c.jpg' == 'https://example.com/b.jpg'
E     
E     - https://example.com/b.jpg
E     ?                     ^
E     + https://example.com/c.jpg
E     ?                     ^</failure></testcase><testcase classname="tests.test_gallery.TestCreateWithGallery" name="test_admin_products_list_includes_new" time="0.171" /><testcase classname="tests.test_gallery.TestCreateWithGallery" name="test_public_product_reflects_gallery" time="0.125" /><testcase classname="tests.test_gallery.TestEditGallery" name="test_patch_append_image" time="0.262" /><testcase classname="tests.test_gallery.TestEditGallery" name="test_patch_remove_and_reorder" time="0.172" /><testcase classname="tests.test_gallery.TestEditGallery" name="test_patch_reorder_persists" time="0.373" /><testcase classname="tests.test_gallery.TestEditGallery" name="test_patch_single_image_hover_falls_back_to_cover" time="0.187" /><testcase classname="tests.test_gallery.TestCleanup" name="test_delete" time="0.448" /></testsuite></testsuites>