<?xml version="1.0" encoding="utf-8"?><testsuites name="pytest tests"><testsuite name="pytest" errors="0" failures="0" skipped="0" tests="4" time="1.283" timestamp="2026-08-19T05:56:53.072899+00:00" hostname="agent-env-53b6d7c8-f2cf-47ac-970a-d8ac1a7772ca"><testcase classname="tests.test_google_auth" name="test_google_session_missing_session_id" time="0.192" /><testcase classname="tests.test_google_auth" name="test_google_session_empty_session_id" time="0.175" /><testcase classname="tests.test_google_auth" name="test_google_session_invalid_session_id_returns_401" time="0.191" /><testcase classname="tests.test_google_auth" name="test_google_session_invalid_does_not_create_user" time="0.256" /></testsuite></testsuites>