<?xml version="1.0" encoding="utf-8"?><testsuites name="pytest tests"><testsuite name="pytest" errors="0" failures="0" skipped="0" tests="13" time="8.421" timestamp="2026-08-18T14:07:15.100013+00:00" hostname="agent-env-53b6d7c8-f2cf-47ac-970a-d8ac1a7772ca"><testcase classname="tests.test_phase2.TestAdvancePayment" name="test_advance_required_high_value_cod" time="0.713" /><testcase classname="tests.test_phase2.TestAdvancePayment" name="test_low_value_cod_no_advance" time="0.633" /><testcase classname="tests.test_phase2.TestReturns" name="test_return_request_flow_and_admin_approve" time="2.336" /><testcase classname="tests.test_phase2.TestReturns" name="test_return_request_unauthorized" time="0.255" /><testcase classname="tests.test_phase2.TestRefundsAndCredit" name="test_refund_to_store_credit_increases_balance" time="0.561" /><testcase classname="tests.test_phase2.TestRefundsAndCredit" name="test_refund_bank_transfer_requires_ref" time="0.872" /><testcase classname="tests.test_phase2.TestRefundsAndCredit" name="test_refund_exceeds_refundable_rejected" time="0.161" /><testcase classname="tests.test_phase2.TestRefundsAndCredit" name="test_refund_unpaid_cod_rejected" time="0.688" /><testcase classname="tests.test_phase2.TestRefundsAndCredit" name="test_admin_refunds_list" time="0.165" /><testcase classname="tests.test_phase2.TestStoreCreditRedemption" name="test_apply_store_credit_at_checkout" time="0.866" /><testcase classname="tests.test_phase2.TestNotifications" name="test_notifications_logged_on_events" time="0.176" /><testcase classname="tests.test_phase2.TestUpload" name="test_admin_upload_and_serve" time="0.781" /><testcase classname="tests.test_phase2.TestUpload" name="test_upload_requires_admin" time="0.162" /></testsuite></testsuites>