<?xml version="1.0" encoding="utf-8"?><testsuites name="pytest tests"><testsuite name="pytest" errors="0" failures="1" skipped="0" tests="36" time="5.128" timestamp="2026-08-18T13:05:57.213832+00:00" hostname="agent-env-53b6d7c8-f2cf-47ac-970a-d8ac1a7772ca"><testcase classname="tests.backend_test.TestAdmin" name="test_admin_forbidden_no_auth" time="0.312" /><testcase classname="tests.backend_test.TestCatalog" name="test_settings" time="0.315" /><testcase classname="tests.backend_test.TestCatalog" name="test_hero_slides" time="0.304" /><testcase classname="tests.backend_test.TestAdmin" name="test_admin_forbidden_customer" time="0.390" /><testcase classname="tests.backend_test.TestCatalog" name="test_categories" time="0.083" /><testcase classname="tests.backend_test.TestCatalog" name="test_brands" time="0.322" /><testcase classname="tests.backend_test.TestAdmin" name="test_admin_analytics" time="0.399" /><testcase classname="tests.backend_test.TestCatalog" name="test_products_list" time="0.082" /><testcase classname="tests.backend_test.TestAdmin" name="test_admin_products_crud" time="0.272" /><testcase classname="tests.backend_test.TestCatalog" name="test_products_filters" time="0.260" /><testcase classname="tests.backend_test.TestCatalog" name="test_product_slug" time="0.264" /><testcase classname="tests.backend_test.TestAdmin" name="test_admin_orders" time="0.124" /><testcase classname="tests.backend_test.TestAdmin" name="test_admin_coupons" time="0.265" /><testcase classname="tests.backend_test.TestCatalog" name="test_related_and_reviews" time="0.257" /><testcase classname="tests.backend_test.TestAdmin" name="test_admin_reviews" time="0.101" /><testcase classname="tests.backend_test.TestAdmin" name="test_admin_customers" time="0.084" /><testcase classname="tests.backend_test.TestCatalog" name="test_search" time="0.095" /><testcase classname="tests.backend_test.TestAuth" name="test_admin_login" time="0.000" /><testcase classname="tests.backend_test.TestAuth" name="test_customer_login" time="0.000" /><testcase classname="tests.backend_test.TestAuth" name="test_me" time="0.087"><failure message="AssertionError: assert 'sahilwaheed48@gmail.com' == 'customer@test.com'&#10;  &#10;  - customer@test.com&#10;  + sahilwaheed48@gmail.com">backend/tests/backend_test.py:111: in test_me
    assert r.json()["data"]["email"] == CUST_EMAIL
E   AssertionError: assert 'sahilwaheed48@gmail.com' == 'customer@test.com'
E     
E     - customer@test.com
E     + sahilwaheed48@gmail.com</failure></testcase><testcase classname="tests.backend_test.TestCheckout" name="test_shipping_free" time="0.089" /><testcase classname="tests.backend_test.TestAuth" name="test_login_invalid" time="0.303" /><testcase classname="tests.backend_test.TestCheckout" name="test_shipping_flat" time="0.297" /><testcase classname="tests.backend_test.TestAuth" name="test_register_new" time="0.330" /><testcase classname="tests.backend_test.TestCheckout" name="test_coupon_street15" time="0.092" /><testcase classname="tests.backend_test.TestCheckout" name="test_coupon_street15_min" time="0.221" /><testcase classname="tests.backend_test.TestCheckout" name="test_coupon_jutay10" time="0.087" /><testcase classname="tests.backend_test.TestGuestCart" name="test_cart_add_update_delete" time="0.508" /><testcase classname="tests.backend_test.TestCheckout" name="test_coupon_flat500" time="0.084" /><testcase classname="tests.backend_test.TestCheckout" name="test_coupon_invalid" time="0.091" /><testcase classname="tests.backend_test.TestOrderFlow" name="test_full_cod_order" time="0.681" /><testcase classname="tests.backend_test.TestGuestCart" name="test_cart_bad_stock" time="0.175" /><testcase classname="tests.backend_test.TestGuestCart" name="test_wishlist" time="0.393" /><testcase classname="tests.backend_test.TestOrderFlow" name="test_wallet_order_paid" time="0.309" /><testcase classname="tests.backend_test" name="test_newsletter" time="0.140" /><testcase classname="tests.backend_test.TestMerge" name="test_cart_merge" time="0.639" /></testsuite></testsuites>